Analysis & Elaboration report for Processor
Fri Jul 18 22:25:59 2025
Quartus Prime Version 20.1.1 Build 720 11/11/2020 SJ Lite Edition


---------------------
; Table of Contents ;
---------------------
  1. Legal Notice
  2. Analysis & Elaboration Summary
  3. Parallel Compilation
  4. Analysis & Elaboration Settings
  5. Port Connectivity Checks: "mips:mips"
  6. Analysis & Elaboration Messages
  7. Analysis & Elaboration Suppressed Messages



----------------
; Legal Notice ;
----------------
Copyright (C) 2020  Intel Corporation. All rights reserved.
Your use of Intel Corporation's design tools, logic functions 
and other software and tools, and any partner logic 
functions, and any output files from any of the foregoing 
(including device programming or simulation files), and any 
associated documentation or information are expressly subject 
to the terms and conditions of the Intel Program License 
Subscription Agreement, the Intel Quartus Prime License Agreement,
the Intel FPGA IP License Agreement, or other applicable license
agreement, including, without limitation, that your use is for
the sole purpose of programming logic devices manufactured by
Intel and sold by Intel or its authorized distributors.  Please
refer to the applicable agreement for further details, at
https://fpgasoftware.intel.com/eula.



+----------------------------------------------------------------------------------+
; Analysis & Elaboration Summary                                                   ;
+------------------------------------+---------------------------------------------+
; Analysis & Elaboration Status      ; Successful - Fri Jul 18 22:25:59 2025       ;
; Quartus Prime Version              ; 20.1.1 Build 720 11/11/2020 SJ Lite Edition ;
; Revision Name                      ; Processor                                   ;
; Top-level Entity Name              ; Processor                                   ;
; Family                             ; MAX 10                                      ;
; Total logic elements               ; N/A until Partition Merge                   ;
;     Total combinational functions  ; N/A until Partition Merge                   ;
;     Dedicated logic registers      ; N/A until Partition Merge                   ;
; Total registers                    ; N/A until Partition Merge                   ;
; Total pins                         ; N/A until Partition Merge                   ;
; Total virtual pins                 ; N/A until Partition Merge                   ;
; Total memory bits                  ; N/A until Partition Merge                   ;
; Embedded Multiplier 9-bit elements ; N/A until Partition Merge                   ;
; Total PLLs                         ; N/A until Partition Merge                   ;
; UFM blocks                         ; N/A until Partition Merge                   ;
; ADC blocks                         ; N/A until Partition Merge                   ;
+------------------------------------+---------------------------------------------+


+------------------------------------------+
; Parallel Compilation                     ;
+----------------------------+-------------+
; Processors                 ; Number      ;
+----------------------------+-------------+
; Number detected on machine ; 12          ;
; Maximum allowed            ; 6           ;
;                            ;             ;
; Average used               ; 1.00        ;
; Maximum used               ; 1           ;
;                            ;             ;
; Usage by Processor         ; % Time Used ;
;     Processor 1            ; 100.0%      ;
+----------------------------+-------------+


+------------------------------------------------------------------------------------------------------------+
; Analysis & Elaboration Settings                                                                            ;
+------------------------------------------------------------------+--------------------+--------------------+
; Option                                                           ; Setting            ; Default Value      ;
+------------------------------------------------------------------+--------------------+--------------------+
; Device                                                           ; 10M50DAF484C7G     ;                    ;
; Top-level entity name                                            ; Processor          ; Processor          ;
; Family name                                                      ; MAX 10             ; Cyclone V          ;
; Use smart compilation                                            ; Off                ; Off                ;
; Enable parallel Assembler and Timing Analyzer during compilation ; On                 ; On                 ;
; Enable compact report table                                      ; Off                ; Off                ;
; Restructure Multiplexers                                         ; Auto               ; Auto               ;
; Create Debugging Nodes for IP Cores                              ; Off                ; Off                ;
; Preserve fewer node names                                        ; On                 ; On                 ;
; Intel FPGA IP Evaluation Mode                                    ; Enable             ; Enable             ;
; Verilog Version                                                  ; Verilog_2001       ; Verilog_2001       ;
; VHDL Version                                                     ; VHDL_1993          ; VHDL_1993          ;
; State Machine Processing                                         ; Auto               ; Auto               ;
; Safe State Machine                                               ; Off                ; Off                ;
; Extract Verilog State Machines                                   ; On                 ; On                 ;
; Extract VHDL State Machines                                      ; On                 ; On                 ;
; Ignore Verilog initial constructs                                ; Off                ; Off                ;
; Iteration limit for constant Verilog loops                       ; 5000               ; 5000               ;
; Iteration limit for non-constant Verilog loops                   ; 250                ; 250                ;
; Add Pass-Through Logic to Inferred RAMs                          ; On                 ; On                 ;
; Infer RAMs from Raw Logic                                        ; On                 ; On                 ;
; Parallel Synthesis                                               ; On                 ; On                 ;
; DSP Block Balancing                                              ; Auto               ; Auto               ;
; NOT Gate Push-Back                                               ; On                 ; On                 ;
; Power-Up Don't Care                                              ; On                 ; On                 ;
; Remove Redundant Logic Cells                                     ; Off                ; Off                ;
; Remove Duplicate Registers                                       ; On                 ; On                 ;
; Ignore CARRY Buffers                                             ; Off                ; Off                ;
; Ignore CASCADE Buffers                                           ; Off                ; Off                ;
; Ignore GLOBAL Buffers                                            ; Off                ; Off                ;
; Ignore ROW GLOBAL Buffers                                        ; Off                ; Off                ;
; Ignore LCELL Buffers                                             ; Off                ; Off                ;
; Ignore SOFT Buffers                                              ; On                 ; On                 ;
; Limit AHDL Integers to 32 Bits                                   ; Off                ; Off                ;
; Optimization Technique                                           ; Balanced           ; Balanced           ;
; Carry Chain Length                                               ; 70                 ; 70                 ;
; Auto Carry Chains                                                ; On                 ; On                 ;
; Auto Open-Drain Pins                                             ; On                 ; On                 ;
; Perform WYSIWYG Primitive Resynthesis                            ; Off                ; Off                ;
; Auto ROM Replacement                                             ; On                 ; On                 ;
; Auto RAM Replacement                                             ; On                 ; On                 ;
; Auto DSP Block Replacement                                       ; On                 ; On                 ;
; Auto Shift Register Replacement                                  ; Auto               ; Auto               ;
; Allow Shift Register Merging across Hierarchies                  ; Auto               ; Auto               ;
; Auto Clock Enable Replacement                                    ; On                 ; On                 ;
; Strict RAM Replacement                                           ; Off                ; Off                ;
; Allow Synchronous Control Signals                                ; On                 ; On                 ;
; Force Use of Synchronous Clear Signals                           ; Off                ; Off                ;
; Auto RAM Block Balancing                                         ; On                 ; On                 ;
; Auto RAM to Logic Cell Conversion                                ; Off                ; Off                ;
; Auto Resource Sharing                                            ; Off                ; Off                ;
; Allow Any RAM Size For Recognition                               ; Off                ; Off                ;
; Allow Any ROM Size For Recognition                               ; Off                ; Off                ;
; Allow Any Shift Register Size For Recognition                    ; Off                ; Off                ;
; Use LogicLock Constraints during Resource Balancing              ; On                 ; On                 ;
; Ignore translate_off and synthesis_off directives                ; Off                ; Off                ;
; Timing-Driven Synthesis                                          ; On                 ; On                 ;
; Report Parameter Settings                                        ; On                 ; On                 ;
; Report Source Assignments                                        ; On                 ; On                 ;
; Report Connectivity Checks                                       ; On                 ; On                 ;
; Ignore Maximum Fan-Out Assignments                               ; Off                ; Off                ;
; Synchronization Register Chain Length                            ; 2                  ; 2                  ;
; Power Optimization During Synthesis                              ; Normal compilation ; Normal compilation ;
; HDL message level                                                ; Level2             ; Level2             ;
; Suppress Register Optimization Related Messages                  ; Off                ; Off                ;
; Number of Removed Registers Reported in Synthesis Report         ; 5000               ; 5000               ;
; Number of Swept Nodes Reported in Synthesis Report               ; 5000               ; 5000               ;
; Number of Inverted Registers Reported in Synthesis Report        ; 100                ; 100                ;
; Clock MUX Protection                                             ; On                 ; On                 ;
; Auto Gated Clock Conversion                                      ; Off                ; Off                ;
; Block Design Naming                                              ; Auto               ; Auto               ;
; SDC constraint protection                                        ; Off                ; Off                ;
; Synthesis Effort                                                 ; Auto               ; Auto               ;
; Shift Register Replacement - Allow Asynchronous Clear Signal     ; On                 ; On                 ;
; Pre-Mapping Resynthesis Optimization                             ; Off                ; Off                ;
; Analysis & Synthesis Message Level                               ; Medium             ; Medium             ;
; Disable Register Merging Across Hierarchies                      ; Auto               ; Auto               ;
; Resource Aware Inference For Block RAM                           ; On                 ; On                 ;
+------------------------------------------------------------------+--------------------+--------------------+


+---------------------------------------------------------------------------------------------------------------------+
; Port Connectivity Checks: "mips:mips"                                                                               ;
+-----------+--------+----------+-------------------------------------------------------------------------------------+
; Port      ; Type   ; Severity ; Details                                                                             ;
+-----------+--------+----------+-------------------------------------------------------------------------------------+
; pc[31..8] ; Output ; Info     ; Connected to dangling logic. Logic that only feeds a dangling port will be removed. ;
; pc[1..0]  ; Output ; Info     ; Connected to dangling logic. Logic that only feeds a dangling port will be removed. ;
+-----------+--------+----------+-------------------------------------------------------------------------------------+


+---------------------------------+
; Analysis & Elaboration Messages ;
+---------------------------------+
Info: *******************************************************************
Info: Running Quartus Prime Analysis & Elaboration
    Info: Version 20.1.1 Build 720 11/11/2020 SJ Lite Edition
    Info: Processing started: Fri Jul 18 22:25:51 2025
Info: Command: quartus_map --read_settings_files=on --write_settings_files=off Processor -c Processor --analysis_and_elaboration
Warning (18236): Number of processors has not been specified which may cause overloading on shared machines.  Set the global assignment NUM_PARALLEL_PROCESSORS in your QSF to an appropriate value for best performance.
Info (20030): Parallel compilation is enabled and will use 6 of the 6 processors detected
Info (12021): Found 9 design units, including 9 entities, in source file processor.v
    Info (12023): Found entity 1: imem File: C:/Users/josep/OneDrive/Desktop/Quartus/MIPS_Single_Cycle_Processor/Processor.v Line: 1
    Info (12023): Found entity 2: ALUControl File: C:/Users/josep/OneDrive/Desktop/Quartus/MIPS_Single_Cycle_Processor/Processor.v Line: 40
    Info (12023): Found entity 3: dmem File: C:/Users/josep/OneDrive/Desktop/Quartus/MIPS_Single_Cycle_Processor/Processor.v Line: 63
    Info (12023): Found entity 4: regfile File: C:/Users/josep/OneDrive/Desktop/Quartus/MIPS_Single_Cycle_Processor/Processor.v Line: 78
    Info (12023): Found entity 5: ALU File: C:/Users/josep/OneDrive/Desktop/Quartus/MIPS_Single_Cycle_Processor/Processor.v Line: 94
    Info (12023): Found entity 6: mips File: C:/Users/josep/OneDrive/Desktop/Quartus/MIPS_Single_Cycle_Processor/Processor.v Line: 113
    Info (12023): Found entity 7: datapath File: C:/Users/josep/OneDrive/Desktop/Quartus/MIPS_Single_Cycle_Processor/Processor.v Line: 131
    Info (12023): Found entity 8: CU File: C:/Users/josep/OneDrive/Desktop/Quartus/MIPS_Single_Cycle_Processor/Processor.v Line: 179
    Info (12023): Found entity 9: Processor File: C:/Users/josep/OneDrive/Desktop/Quartus/MIPS_Single_Cycle_Processor/Processor.v Line: 275
Info (12021): Found 1 design units, including 1 entities, in source file processor_tb.v
    Info (12023): Found entity 1: Processor_tb File: C:/Users/josep/OneDrive/Desktop/Quartus/MIPS_Single_Cycle_Processor/Processor_tb.v Line: 1
Info (12127): Elaborating entity "Processor" for the top level hierarchy
Info (12128): Elaborating entity "mips" for hierarchy "mips:mips" File: C:/Users/josep/OneDrive/Desktop/Quartus/MIPS_Single_Cycle_Processor/Processor.v Line: 282
Info (12128): Elaborating entity "CU" for hierarchy "mips:mips|CU:c" File: C:/Users/josep/OneDrive/Desktop/Quartus/MIPS_Single_Cycle_Processor/Processor.v Line: 125
Info (12128): Elaborating entity "ALUControl" for hierarchy "mips:mips|ALUControl:ac" File: C:/Users/josep/OneDrive/Desktop/Quartus/MIPS_Single_Cycle_Processor/Processor.v Line: 126
Info (12128): Elaborating entity "datapath" for hierarchy "mips:mips|datapath:dp" File: C:/Users/josep/OneDrive/Desktop/Quartus/MIPS_Single_Cycle_Processor/Processor.v Line: 128
Info (12128): Elaborating entity "regfile" for hierarchy "mips:mips|datapath:dp|regfile:rf" File: C:/Users/josep/OneDrive/Desktop/Quartus/MIPS_Single_Cycle_Processor/Processor.v Line: 166
Info (12128): Elaborating entity "ALU" for hierarchy "mips:mips|datapath:dp|ALU:alu" File: C:/Users/josep/OneDrive/Desktop/Quartus/MIPS_Single_Cycle_Processor/Processor.v Line: 174
Info (12128): Elaborating entity "imem" for hierarchy "imem:imem" File: C:/Users/josep/OneDrive/Desktop/Quartus/MIPS_Single_Cycle_Processor/Processor.v Line: 283
Warning (10030): Net "RAM.data_a" at Processor.v(5) has no driver or initial value, using a default initial value '0' File: C:/Users/josep/OneDrive/Desktop/Quartus/MIPS_Single_Cycle_Processor/Processor.v Line: 5
Warning (10030): Net "RAM.waddr_a" at Processor.v(5) has no driver or initial value, using a default initial value '0' File: C:/Users/josep/OneDrive/Desktop/Quartus/MIPS_Single_Cycle_Processor/Processor.v Line: 5
Warning (10030): Net "RAM.we_a" at Processor.v(5) has no driver or initial value, using a default initial value '0' File: C:/Users/josep/OneDrive/Desktop/Quartus/MIPS_Single_Cycle_Processor/Processor.v Line: 5
Info (12128): Elaborating entity "dmem" for hierarchy "dmem:dmem" File: C:/Users/josep/OneDrive/Desktop/Quartus/MIPS_Single_Cycle_Processor/Processor.v Line: 284
Info (144001): Generated suppressed messages file C:/Users/josep/OneDrive/Desktop/Quartus/MIPS_Single_Cycle_Processor/output_files/Processor.map.smsg
Info: Quartus Prime Analysis & Elaboration was successful. 0 errors, 4 warnings
    Info: Peak virtual memory: 4714 megabytes
    Info: Processing ended: Fri Jul 18 22:25:59 2025
    Info: Elapsed time: 00:00:08
    Info: Total CPU time (on all processors): 00:00:20


+--------------------------------------------+
; Analysis & Elaboration Suppressed Messages ;
+--------------------------------------------+
The suppressed messages can be found in C:/Users/josep/OneDrive/Desktop/Quartus/MIPS_Single_Cycle_Processor/output_files/Processor.map.smsg.


